[2023-12-04T14:32:14.398+0000] {taskinstance.py:1159} INFO - Dependencies all met for dep_context=non-requeueable deps ti=<TaskInstance: dag_with_postgres_v02.create_post_ manual__2023-12-04T14:30:12.132966+00:00 [queued]>
[2023-12-04T14:32:14.412+0000] {taskinstance.py:1159} INFO - Dependencies all met for dep_context=requeueable deps ti=<TaskInstance: dag_with_postgres_v02.create_post_ manual__2023-12-04T14:30:12.132966+00:00 [queued]>
[2023-12-04T14:32:14.413+0000] {taskinstance.py:1361} INFO - Starting attempt 2 of 6
[2023-12-04T14:32:14.439+0000] {taskinstance.py:1382} INFO - Executing <Task(PostgresOperator): create_post_> on 2023-12-04 14:30:12.132966+00:00
[2023-12-04T14:32:14.444+0000] {standard_task_runner.py:57} INFO - Started process 68828 to run task
[2023-12-04T14:32:14.449+0000] {standard_task_runner.py:84} INFO - Running: ['***', 'tasks', 'run', 'dag_with_postgres_v02', 'create_post_', 'manual__2023-12-04T14:30:12.132966+00:00', '--job-id', '273', '--raw', '--subdir', 'DAGS_FOLDER/dag_with_postgres.py', '--cfg-path', '/tmp/tmp6twtya2l']
[2023-12-04T14:32:14.452+0000] {standard_task_runner.py:85} INFO - Job 273: Subtask create_post_
[2023-12-04T14:32:14.524+0000] {task_command.py:416} INFO - Running <TaskInstance: dag_with_postgres_v02.create_post_ manual__2023-12-04T14:30:12.132966+00:00 [running]> on host a859eb4bf49d
[2023-12-04T14:32:14.656+0000] {taskinstance.py:1662} INFO - Exporting env vars: AIRFLOW_CTX_DAG_OWNER='debora' AIRFLOW_CTX_DAG_ID='dag_with_postgres_v02' AIRFLOW_CTX_TASK_ID='create_post_' AIRFLOW_CTX_EXECUTION_DATE='2023-12-04T14:30:12.132966+00:00' AIRFLOW_CTX_TRY_NUMBER='2' AIRFLOW_CTX_DAG_RUN_ID='manual__2023-12-04T14:30:12.132966+00:00'
[2023-12-04T14:32:14.657+0000] {sql.py:274} INFO - Executing: 
        
            create table if not exists dag_runs(
            dt date, 
            dag_id character varying,
            primary key (dt, dag_id)
            )

        
[2023-12-04T14:32:14.670+0000] {base.py:73} INFO - Using connection ID 'postgres_localhost' for task execution.
[2023-12-04T14:32:14.685+0000] {base.py:73} INFO - Using connection ID 'postgres_localhost' for task execution.
[2023-12-04T14:32:14.700+0000] {sql.py:418} INFO - Running statement: 
        
            create table if not exists dag_runs(
            dt date, 
            dag_id character varying,
            primary key (dt, dag_id)
            )

        , parameters: None
[2023-12-04T14:32:14.718+0000] {taskinstance.py:1400} INFO - Marking task as SUCCESS. dag_id=dag_with_postgres_v02, task_id=create_post_, execution_date=20231204T143012, start_date=20231204T143214, end_date=20231204T143214
[2023-12-04T14:32:14.744+0000] {local_task_job_runner.py:228} INFO - Task exited with return code 0
[2023-12-04T14:32:14.769+0000] {taskinstance.py:2778} INFO - 0 downstream tasks scheduled from follow-on schedule check
