[2023-12-04T15:47:40.232+0000] {taskinstance.py:1159} INFO - Dependencies all met for dep_context=non-requeueable deps ti=<TaskInstance: dag_with_postgres_v03.create_post_ manual__2023-12-04T15:47:38.656930+00:00 [queued]>
[2023-12-04T15:47:40.249+0000] {taskinstance.py:1159} INFO - Dependencies all met for dep_context=requeueable deps ti=<TaskInstance: dag_with_postgres_v03.create_post_ manual__2023-12-04T15:47:38.656930+00:00 [queued]>
[2023-12-04T15:47:40.250+0000] {taskinstance.py:1361} INFO - Starting attempt 1 of 6
[2023-12-04T15:47:40.273+0000] {taskinstance.py:1382} INFO - Executing <Task(PostgresOperator): create_post_> on 2023-12-04 15:47:38.656930+00:00
[2023-12-04T15:47:40.279+0000] {standard_task_runner.py:57} INFO - Started process 74311 to run task
[2023-12-04T15:47:40.283+0000] {standard_task_runner.py:84} INFO - Running: ['***', 'tasks', 'run', 'dag_with_postgres_v03', 'create_post_', 'manual__2023-12-04T15:47:38.656930+00:00', '--job-id', '274', '--raw', '--subdir', 'DAGS_FOLDER/dag_with_postgres.py', '--cfg-path', '/tmp/tmpa7d0obbj']
[2023-12-04T15:47:40.287+0000] {standard_task_runner.py:85} INFO - Job 274: Subtask create_post_
[2023-12-04T15:47:40.355+0000] {task_command.py:416} INFO - Running <TaskInstance: dag_with_postgres_v03.create_post_ manual__2023-12-04T15:47:38.656930+00:00 [running]> on host a859eb4bf49d
[2023-12-04T15:47:40.469+0000] {taskinstance.py:1662} INFO - Exporting env vars: AIRFLOW_CTX_DAG_OWNER='debora' AIRFLOW_CTX_DAG_ID='dag_with_postgres_v03' AIRFLOW_CTX_TASK_ID='create_post_' AIRFLOW_CTX_EXECUTION_DATE='2023-12-04T15:47:38.656930+00:00' AIRFLOW_CTX_TRY_NUMBER='1' AIRFLOW_CTX_DAG_RUN_ID='manual__2023-12-04T15:47:38.656930+00:00'
[2023-12-04T15:47:40.471+0000] {sql.py:274} INFO - Executing: 
        
            create table if not exists dag_runs(
            dt date, 
            dag_id character varying,
            primary key (dt, dag_id)
            )

        
[2023-12-04T15:47:40.483+0000] {base.py:73} INFO - Using connection ID 'postgres_localhost' for task execution.
[2023-12-04T15:47:40.496+0000] {base.py:73} INFO - Using connection ID 'postgres_localhost' for task execution.
[2023-12-04T15:47:40.510+0000] {sql.py:418} INFO - Running statement: 
        
            create table if not exists dag_runs(
            dt date, 
            dag_id character varying,
            primary key (dt, dag_id)
            )

        , parameters: None
[2023-12-04T15:47:40.526+0000] {taskinstance.py:1400} INFO - Marking task as SUCCESS. dag_id=dag_with_postgres_v03, task_id=create_post_, execution_date=20231204T154738, start_date=20231204T154740, end_date=20231204T154740
[2023-12-04T15:47:40.578+0000] {local_task_job_runner.py:228} INFO - Task exited with return code 0
[2023-12-04T15:47:40.605+0000] {taskinstance.py:2778} INFO - 1 downstream tasks scheduled from follow-on schedule check
