[2023-12-05T14:11:40.712+0000] {taskinstance.py:1159} INFO - Dependencies all met for dep_context=non-requeueable deps ti=<TaskInstance: dag_with_hook_v3.upload_to_s3 scheduled__2023-12-04T03:00:00+00:00 [queued]>
[2023-12-05T14:11:40.727+0000] {taskinstance.py:1159} INFO - Dependencies all met for dep_context=requeueable deps ti=<TaskInstance: dag_with_hook_v3.upload_to_s3 scheduled__2023-12-04T03:00:00+00:00 [queued]>
[2023-12-05T14:11:40.728+0000] {taskinstance.py:1361} INFO - Starting attempt 1 of 6
[2023-12-05T14:11:40.749+0000] {taskinstance.py:1382} INFO - Executing <Task(PythonOperator): upload_to_s3> on 2023-12-04 03:00:00+00:00
[2023-12-05T14:11:40.757+0000] {standard_task_runner.py:57} INFO - Started process 16561 to run task
[2023-12-05T14:11:40.761+0000] {standard_task_runner.py:84} INFO - Running: ['***', 'tasks', 'run', 'dag_with_hook_v3', 'upload_to_s3', 'scheduled__2023-12-04T03:00:00+00:00', '--job-id', '358', '--raw', '--subdir', 'DAGS_FOLDER/dag_with_postgres_with_hook.py', '--cfg-path', '/tmp/tmp1g407klj']
[2023-12-05T14:11:40.769+0000] {standard_task_runner.py:85} INFO - Job 358: Subtask upload_to_s3
[2023-12-05T14:11:40.830+0000] {task_command.py:416} INFO - Running <TaskInstance: dag_with_hook_v3.upload_to_s3 scheduled__2023-12-04T03:00:00+00:00 [running]> on host 0c998a8be895
[2023-12-05T14:11:40.940+0000] {taskinstance.py:1662} INFO - Exporting env vars: AIRFLOW_CTX_DAG_OWNER='debora' AIRFLOW_CTX_DAG_ID='dag_with_hook_v3' AIRFLOW_CTX_TASK_ID='upload_to_s3' AIRFLOW_CTX_EXECUTION_DATE='2023-12-04T03:00:00+00:00' AIRFLOW_CTX_TRY_NUMBER='1' AIRFLOW_CTX_DAG_RUN_ID='scheduled__2023-12-04T03:00:00+00:00'
[2023-12-05T14:11:40.951+0000] {logging_mixin.py:154} WARNING - /home/***/.local/lib/python3.8/site-packages/***/utils/context.py:206 AirflowContextDeprecationWarning: Accessing 'execution_date' from the template is deprecated and will be removed in a future version. Please use 'data_interval_start' or 'logical_date' instead.
[2023-12-05T14:11:40.966+0000] {base.py:73} INFO - Using connection ID 'postgres_localhost' for task execution.
[2023-12-05T14:11:40.979+0000] {logging_mixin.py:154} INFO - connected to postgres
[2023-12-05T14:11:40.989+0000] {dag_with_postgres_with_hook.py:30} INFO - Saved get_orders_2023-12-04T03:00:00+00:00
[2023-12-05T14:11:41.002+0000] {base.py:73} INFO - Using connection ID 'minio_conn_id' for task execution.
[2023-12-05T14:11:41.003+0000] {connection_wrapper.py:381} INFO - AWS Connection (conn_id='minio_conn_id', conn_type='aws') credentials retrieved from extra.
[2023-12-05T14:11:41.005+0000] {logging_mixin.py:154} WARNING - <string>:9 AirflowProviderDeprecationWarning: extra['host'] is deprecated and will be removed in a future release. Please set extra['endpoint_url'] instead
[2023-12-05T14:11:42.689+0000] {python.py:194} INFO - Done. Returned value was: None
[2023-12-05T14:11:42.705+0000] {taskinstance.py:1400} INFO - Marking task as SUCCESS. dag_id=dag_with_hook_v3, task_id=upload_to_s3, execution_date=20231204T030000, start_date=20231205T141140, end_date=20231205T141142
[2023-12-05T14:11:42.748+0000] {local_task_job_runner.py:228} INFO - Task exited with return code 0
[2023-12-05T14:11:42.770+0000] {taskinstance.py:2778} INFO - 0 downstream tasks scheduled from follow-on schedule check
