[2023-12-04T14:31:09.611+0000] {taskinstance.py:1159} INFO - Dependencies all met for dep_context=non-requeueable deps ti=<TaskInstance: dag_with_postgres_v02.create_post_ manual__2023-12-04T14:29:07.528325+00:00 [queued]>
[2023-12-04T14:31:09.636+0000] {taskinstance.py:1159} INFO - Dependencies all met for dep_context=requeueable deps ti=<TaskInstance: dag_with_postgres_v02.create_post_ manual__2023-12-04T14:29:07.528325+00:00 [queued]>
[2023-12-04T14:31:09.637+0000] {taskinstance.py:1361} INFO - Starting attempt 2 of 6
[2023-12-04T14:31:09.672+0000] {taskinstance.py:1382} INFO - Executing <Task(PostgresOperator): create_post_> on 2023-12-04 14:29:07.528325+00:00
[2023-12-04T14:31:09.679+0000] {standard_task_runner.py:57} INFO - Started process 68748 to run task
[2023-12-04T14:31:09.687+0000] {standard_task_runner.py:84} INFO - Running: ['***', 'tasks', 'run', 'dag_with_postgres_v02', 'create_post_', 'manual__2023-12-04T14:29:07.528325+00:00', '--job-id', '271', '--raw', '--subdir', 'DAGS_FOLDER/dag_with_postgres.py', '--cfg-path', '/tmp/tmpk152ey8m']
[2023-12-04T14:31:09.693+0000] {standard_task_runner.py:85} INFO - Job 271: Subtask create_post_
[2023-12-04T14:31:09.774+0000] {task_command.py:416} INFO - Running <TaskInstance: dag_with_postgres_v02.create_post_ manual__2023-12-04T14:29:07.528325+00:00 [running]> on host a859eb4bf49d
[2023-12-04T14:31:09.995+0000] {taskinstance.py:1662} INFO - Exporting env vars: AIRFLOW_CTX_DAG_OWNER='debora' AIRFLOW_CTX_DAG_ID='dag_with_postgres_v02' AIRFLOW_CTX_TASK_ID='create_post_' AIRFLOW_CTX_EXECUTION_DATE='2023-12-04T14:29:07.528325+00:00' AIRFLOW_CTX_TRY_NUMBER='2' AIRFLOW_CTX_DAG_RUN_ID='manual__2023-12-04T14:29:07.528325+00:00'
[2023-12-04T14:31:09.996+0000] {sql.py:274} INFO - Executing: 
        
            create table if not exists dag_runs(
            dt date, 
            dag_id character varying,
            primary key (dt, dag_id)
            )

        
[2023-12-04T14:31:10.011+0000] {base.py:73} INFO - Using connection ID 'postgres_localhost' for task execution.
[2023-12-04T14:31:10.025+0000] {base.py:73} INFO - Using connection ID 'postgres_localhost' for task execution.
[2023-12-04T14:31:10.037+0000] {sql.py:418} INFO - Running statement: 
        
            create table if not exists dag_runs(
            dt date, 
            dag_id character varying,
            primary key (dt, dag_id)
            )

        , parameters: None
[2023-12-04T14:31:10.069+0000] {taskinstance.py:1400} INFO - Marking task as SUCCESS. dag_id=dag_with_postgres_v02, task_id=create_post_, execution_date=20231204T142907, start_date=20231204T143109, end_date=20231204T143110
[2023-12-04T14:31:10.103+0000] {local_task_job_runner.py:228} INFO - Task exited with return code 0
[2023-12-04T14:31:10.132+0000] {taskinstance.py:2778} INFO - 0 downstream tasks scheduled from follow-on schedule check
