[2023-12-04T14:24:30.577+0000] {taskinstance.py:1159} INFO - Dependencies all met for dep_context=non-requeueable deps ti=<TaskInstance: dag_with_postgres_v01.create_post_ scheduled__2023-11-06T00:00:00+00:00 [queued]>
[2023-12-04T14:24:30.625+0000] {taskinstance.py:1159} INFO - Dependencies all met for dep_context=requeueable deps ti=<TaskInstance: dag_with_postgres_v01.create_post_ scheduled__2023-11-06T00:00:00+00:00 [queued]>
[2023-12-04T14:24:30.635+0000] {taskinstance.py:1361} INFO - Starting attempt 2 of 6
[2023-12-04T14:24:31.002+0000] {taskinstance.py:1382} INFO - Executing <Task(PostgresOperator): create_post_> on 2023-11-06 00:00:00+00:00
[2023-12-04T14:24:31.024+0000] {standard_task_runner.py:57} INFO - Started process 68199 to run task
[2023-12-04T14:24:31.064+0000] {standard_task_runner.py:84} INFO - Running: ['***', 'tasks', 'run', 'dag_with_postgres_v01', 'create_post_', 'scheduled__2023-11-06T00:00:00+00:00', '--job-id', '242', '--raw', '--subdir', 'DAGS_FOLDER/dag_with_postgres.py', '--cfg-path', '/tmp/tmp5a24hwiz']
[2023-12-04T14:24:31.114+0000] {standard_task_runner.py:85} INFO - Job 242: Subtask create_post_
[2023-12-04T14:24:31.478+0000] {task_command.py:416} INFO - Running <TaskInstance: dag_with_postgres_v01.create_post_ scheduled__2023-11-06T00:00:00+00:00 [running]> on host a859eb4bf49d
[2023-12-04T14:24:31.933+0000] {taskinstance.py:1662} INFO - Exporting env vars: AIRFLOW_CTX_DAG_OWNER='debora' AIRFLOW_CTX_DAG_ID='dag_with_postgres_v01' AIRFLOW_CTX_TASK_ID='create_post_' AIRFLOW_CTX_EXECUTION_DATE='2023-11-06T00:00:00+00:00' AIRFLOW_CTX_TRY_NUMBER='2' AIRFLOW_CTX_DAG_RUN_ID='scheduled__2023-11-06T00:00:00+00:00'
[2023-12-04T14:24:31.959+0000] {sql.py:274} INFO - Executing: 
        
            create table if not exists dag_runs(
            dt date, 
            dag_id charater varying
            primary key (dt, dag_id)
            )

        
[2023-12-04T14:24:32.021+0000] {base.py:73} INFO - Using connection ID 'postgres_localhost' for task execution.
[2023-12-04T14:24:32.129+0000] {base.py:73} INFO - Using connection ID 'postgres_localhost' for task execution.
[2023-12-04T14:24:32.169+0000] {taskinstance.py:1937} ERROR - Task failed with exception
Traceback (most recent call last):
  File "/home/airflow/.local/lib/python3.8/site-packages/airflow/providers/common/sql/operators/sql.py", line 280, in execute
    output = hook.run(
  File "/home/airflow/.local/lib/python3.8/site-packages/airflow/providers/common/sql/hooks/sql.py", line 385, in run
    with closing(self.get_conn()) as conn:
  File "/home/airflow/.local/lib/python3.8/site-packages/airflow/providers/postgres/hooks/postgres.py", line 155, in get_conn
    self.conn = psycopg2.connect(**conn_args)
  File "/home/airflow/.local/lib/python3.8/site-packages/psycopg2/__init__.py", line 122, in connect
    conn = _connect(dsn, connection_factory=connection_factory, **kwasync)
psycopg2.OperationalError: could not translate host name "host.docker.intenal" to address: Name or service not known

[2023-12-04T14:24:32.222+0000] {taskinstance.py:1400} INFO - Marking task as UP_FOR_RETRY. dag_id=dag_with_postgres_v01, task_id=create_post_, execution_date=20231106T000000, start_date=20231204T142430, end_date=20231204T142432
[2023-12-04T14:24:32.636+0000] {standard_task_runner.py:104} ERROR - Failed to execute job 242 for task create_post_ (could not translate host name "host.docker.intenal" to address: Name or service not known
; 68199)
[2023-12-04T14:24:32.748+0000] {local_task_job_runner.py:228} INFO - Task exited with return code 1
[2023-12-04T14:24:32.903+0000] {taskinstance.py:2778} INFO - 0 downstream tasks scheduled from follow-on schedule check
